<?xml version="1.0" encoding="UTF-8"?>
<!-- Generated by org.testng.reporters.JUnitXMLReporter -->
<testsuite hostname="sudhanshu" name="FireFox browser Sanity" tests="7" failures="0" timestamp="25 Mar 2021 03:29:55 GMT" time="380.215" errors="0">
  <testcase name="loginTest" time="7.108" classname="com.actiTime.test.TC_001_LoginPageTest"/>
  <testcase name="loginTestVerify" time="9.783" classname="com.actiTime.test.TC_001_LoginPageTest"/>
  <testcase name="logoutTest" time="6.129" classname="com.actiTime.test.TC_001_LogoutTest"/>
  <testcase name="createNewTask" time="12.681" classname="com.actiTime.test.TC_002_CreateNewTask"/>
  <testcase name="createUserTest" time="20.693" classname="com.actiTime.test.TC_003_CreateNewUser"/>
  <testcase name="getAllTaskCreated" time="6.506" classname="com.actiTime.test.TC_004_GetAllOpenTask"/>
  <testcase name="createReport_Staff_performance" time="12.52" classname="com.actiTime.test.TC_005_CreateReport_StaffPerformance"/>
</testsuite> <!-- FireFox browser Sanity -->
