<?xml version="1.0" encoding="UTF-8"?>
<!-- Generated by org.testng.reporters.JUnitXMLReporter -->
<testsuite hostname="sudhanshu" name="Smoke" tests="3" failures="0" timestamp="13 Feb 2021 16:52:36 GMT" time="161.64" errors="0">
  <testcase name="loginTest" time="13.678" classname="com.actiTime.test.TC_001_LoginPageTest"/>
  <testcase name="createNewTask" time="11.501" classname="com.actiTime.test.TC_002_CreateNewTask"/>
  <testcase name="createUserTest" time="14.413" classname="com.actiTime.test.TC_003_CreateNewUser"/>
</testsuite> <!-- Smoke -->
