<?xml version="1.0" encoding="UTF-8"?>
<!-- Generated by org.testng.reporters.JUnitXMLReporter -->
<testsuite hostname="sudhanshu" name="Smoke test" tests="2" failures="0" timestamp="25 Mar 2021 02:58:51 GMT" time="178.66" errors="0">
  <testcase name="getAllTaskCreated" time="37.535" classname="com.actiTime.test.TC_004_GetAllOpenTask"/>
  <testcase name="createReport_Staff_performance" time="13.068" classname="com.actiTime.test.TC_005_CreateReport_StaffPerformance"/>
</testsuite> <!-- Smoke test -->
