<?xml version="1.0" encoding="UTF-8"?>
<testng-results skipped="0" failed="0" total="1" passed="1">
  <reporter-output>
  </reporter-output>
  <suite name="Test Suite" duration-ms="56558" started-at="2021-04-18T19:40:57Z" finished-at="2021-04-18T19:41:53Z">
    <groups>
    </groups>
    <test name="Chrome browser Sanity" duration-ms="56558" started-at="2021-04-18T19:40:57Z" finished-at="2021-04-18T19:41:53Z">
      <class name="com.actiTime.test.TC_004_GetAllOpenTask">
        <test-method status="PASS" signature="setUp(java.lang.String)[pri:0, instance:com.actiTime.test.TC_004_GetAllOpenTask@6293abcc]" name="setUp" is-config="true" duration-ms="15082" started-at="2021-04-19T01:10:57Z" finished-at="2021-04-19T01:11:12Z">
          <params>
            <param index="0">
              <value>
                <![CDATA[Chrome]]>
              </value>
            </param>
          </params>
          <reporter-output>
          </reporter-output>
        </test-method> <!-- setUp -->
        <test-method status="PASS" signature="getAllTaskCreated()[pri:0, instance:com.actiTime.test.TC_004_GetAllOpenTask@6293abcc]" name="getAllTaskCreated" duration-ms="40272" started-at="2021-04-19T01:11:12Z" finished-at="2021-04-19T01:11:52Z">
          <reporter-output>
          </reporter-output>
        </test-method> <!-- getAllTaskCreated -->
        <test-method status="PASS" signature="shutDown()[pri:0, instance:com.actiTime.test.TC_004_GetAllOpenTask@6293abcc]" name="shutDown" is-config="true" duration-ms="2" started-at="2021-04-19T01:11:53Z" finished-at="2021-04-19T01:11:53Z">
          <reporter-output>
          </reporter-output>
        </test-method> <!-- shutDown -->
      </class> <!-- com.actiTime.test.TC_004_GetAllOpenTask -->
    </test> <!-- Chrome browser Sanity -->
  </suite> <!-- Test Suite -->
</testng-results>
